<?xml version="1.0" encoding="UTF-8"?>
<testsuite xmlns:xsi="http://www.w3.org/2001/XMLSchema-instance" xsi:noNamespaceSchemaLocation="https://maven.apache.org/surefire/maven-surefire-plugin/xsd/surefire-test-report-3.0.xsd" version="3.0" name="com.example.connectedCarAPIGateway.ConnectedCarApiGatewayApplicationTests" time="6.528" tests="1" errors="0" skipped="0" failures="0">
  <properties>
    <property name="java.specification.version" value="17"/>
    <property name="sun.cpu.isalist" value="amd64"/>
    <property name="sun.jnu.encoding" value="Cp1252"/>
    <property name="java.class.path" value="C:\Users\ee212577\Desktop\New folder\connectedCarAPIGateway\connectedCarAPIGateway\target\test-classes;C:\Users\ee212577\Desktop\New folder\connectedCarAPIGateway\connectedCarAPIGateway\target\classes;C:\Users\ee212577\.m2\repository\org\springframework\cloud\spring-cloud-starter\4.1.0\spring-cloud-starter-4.1.0.jar;C:\Users\ee212577\.m2\repository\org\springframework\boot\spring-boot-starter\3.2.1\spring-boot-starter-3.2.1.jar;C:\Users\ee212577\.m2\repository\org\springframework\boot\spring-boot\3.2.1\spring-boot-3.2.1.jar;C:\Users\ee212577\.m2\repository\org\springframework\spring-context\6.1.2\spring-context-6.1.2.jar;C:\Users\ee212577\.m2\repository\org\springframework\spring-aop\6.1.2\spring-aop-6.1.2.jar;C:\Users\ee212577\.m2\repository\org\springframework\spring-expression\6.1.2\spring-expression-6.1.2.jar;C:\Users\ee212577\.m2\repository\org\springframework\boot\spring-boot-autoconfigure\3.2.1\spring-boot-autoconfigure-3.2.1.jar;C:\Users\ee212577\.m2\repository\org\springframework\boot\spring-boot-starter-logging\3.2.1\spring-boot-starter-logging-3.2.1.jar;C:\Users\ee212577\.m2\repository\ch\qos\logback\logback-classic\1.4.14\logback-classic-1.4.14.jar;C:\Users\ee212577\.m2\repository\ch\qos\logback\logback-core\1.4.14\logback-core-1.4.14.jar;C:\Users\ee212577\.m2\repository\org\apache\logging\log4j\log4j-to-slf4j\2.21.1\log4j-to-slf4j-2.21.1.jar;C:\Users\ee212577\.m2\repository\org\apache\logging\log4j\log4j-api\2.21.1\log4j-api-2.21.1.jar;C:\Users\ee212577\.m2\repository\org\slf4j\jul-to-slf4j\2.0.9\jul-to-slf4j-2.0.9.jar;C:\Users\ee212577\.m2\repository\jakarta\annotation\jakarta.annotation-api\2.1.1\jakarta.annotation-api-2.1.1.jar;C:\Users\ee212577\.m2\repository\org\yaml\snakeyaml\2.2\snakeyaml-2.2.jar;C:\Users\ee212577\.m2\repository\org\springframework\cloud\spring-cloud-context\4.1.0\spring-cloud-context-4.1.0.jar;C:\Users\ee212577\.m2\repository\org\springframework\security\spring-security-crypto\6.2.1\spring-security-crypto-6.2.1.jar;C:\Users\ee212577\.m2\repository\org\springframework\cloud\spring-cloud-commons\4.1.0\spring-cloud-commons-4.1.0.jar;C:\Users\ee212577\.m2\repository\org\springframework\security\spring-security-rsa\1.1.1\spring-security-rsa-1.1.1.jar;C:\Users\ee212577\.m2\repository\org\bouncycastle\bcprov-jdk18on\1.74\bcprov-jdk18on-1.74.jar;C:\Users\ee212577\.m2\repository\org\springframework\cloud\spring-cloud-starter-gateway\4.1.0\spring-cloud-starter-gateway-4.1.0.jar;C:\Users\ee212577\.m2\repository\org\springframework\cloud\spring-cloud-gateway-server\4.1.0\spring-cloud-gateway-server-4.1.0.jar;C:\Users\ee212577\.m2\repository\org\springframework\boot\spring-boot-starter-validation\3.2.1\spring-boot-starter-validation-3.2.1.jar;C:\Users\ee212577\.m2\repository\org\apache\tomcat\embed\tomcat-embed-el\10.1.17\tomcat-embed-el-10.1.17.jar;C:\Users\ee212577\.m2\repository\org\hibernate\validator\hibernate-validator\8.0.1.Final\hibernate-validator-8.0.1.Final.jar;C:\Users\ee212577\.m2\repository\jakarta\validation\jakarta.validation-api\3.0.2\jakarta.validation-api-3.0.2.jar;C:\Users\ee212577\.m2\repository\org\jboss\logging\jboss-logging\3.5.3.Final\jboss-logging-3.5.3.Final.jar;C:\Users\ee212577\.m2\repository\com\fasterxml\classmate\1.6.0\classmate-1.6.0.jar;C:\Users\ee212577\.m2\repository\io\projectreactor\addons\reactor-extra\3.5.1\reactor-extra-3.5.1.jar;C:\Users\ee212577\.m2\repository\io\projectreactor\reactor-core\3.6.1\reactor-core-3.6.1.jar;C:\Users\ee212577\.m2\repository\org\reactivestreams\reactive-streams\1.0.4\reactive-streams-1.0.4.jar;C:\Users\ee212577\.m2\repository\org\springframework\boot\spring-boot-starter-webflux\3.2.1\spring-boot-starter-webflux-3.2.1.jar;C:\Users\ee212577\.m2\repository\org\springframework\boot\spring-boot-starter-json\3.2.1\spring-boot-starter-json-3.2.1.jar;C:\Users\ee212577\.m2\repository\com\fasterxml\jackson\datatype\jackson-datatype-jdk8\2.15.3\jackson-datatype-jdk8-2.15.3.jar;C:\Users\ee212577\.m2\repository\com\fasterxml\jackson\module\jackson-module-parameter-names\2.15.3\jackson-module-parameter-names-2.15.3.jar;C:\Users\ee212577\.m2\repository\org\springframework\boot\spring-boot-starter-reactor-netty\3.2.1\spring-boot-starter-reactor-netty-3.2.1.jar;C:\Users\ee212577\.m2\repository\io\projectreactor\netty\reactor-netty-http\1.1.14\reactor-netty-http-1.1.14.jar;C:\Users\ee212577\.m2\repository\io\netty\netty-codec-http\4.1.104.Final\netty-codec-http-4.1.104.Final.jar;C:\Users\ee212577\.m2\repository\io\netty\netty-common\4.1.104.Final\netty-common-4.1.104.Final.jar;C:\Users\ee212577\.m2\repository\io\netty\netty-buffer\4.1.104.Final\netty-buffer-4.1.104.Final.jar;C:\Users\ee212577\.m2\repository\io\netty\netty-transport\4.1.104.Final\netty-transport-4.1.104.Final.jar;C:\Users\ee212577\.m2\repository\io\netty\netty-codec\4.1.104.Final\netty-codec-4.1.104.Final.jar;C:\Users\ee212577\.m2\repository\io\netty\netty-handler\4.1.104.Final\netty-handler-4.1.104.Final.jar;C:\Users\ee212577\.m2\repository\io\netty\netty-codec-http2\4.1.104.Final\netty-codec-http2-4.1.104.Final.jar;C:\Users\ee212577\.m2\repository\io\netty\netty-resolver-dns\4.1.104.Final\netty-resolver-dns-4.1.104.Final.jar;C:\Users\ee212577\.m2\repository\io\netty\netty-resolver\4.1.104.Final\netty-resolver-4.1.104.Final.jar;C:\Users\ee212577\.m2\repository\io\netty\netty-codec-dns\4.1.104.Final\netty-codec-dns-4.1.104.Final.jar;C:\Users\ee212577\.m2\repository\io\netty\netty-resolver-dns-native-macos\4.1.104.Final\netty-resolver-dns-native-macos-4.1.104.Final-osx-x86_64.jar;C:\Users\ee212577\.m2\repository\io\netty\netty-resolver-dns-classes-macos\4.1.104.Final\netty-resolver-dns-classes-macos-4.1.104.Final.jar;C:\Users\ee212577\.m2\repository\io\netty\netty-transport-native-epoll\4.1.104.Final\netty-transport-native-epoll-4.1.104.Final-linux-x86_64.jar;C:\Users\ee212577\.m2\repository\io\netty\netty-transport-native-unix-common\4.1.104.Final\netty-transport-native-unix-common-4.1.104.Final.jar;C:\Users\ee212577\.m2\repository\io\netty\netty-transport-classes-epoll\4.1.104.Final\netty-transport-classes-epoll-4.1.104.Final.jar;C:\Users\ee212577\.m2\repository\io\projectreactor\netty\reactor-netty-core\1.1.14\reactor-netty-core-1.1.14.jar;C:\Users\ee212577\.m2\repository\io\netty\netty-handler-proxy\4.1.104.Final\netty-handler-proxy-4.1.104.Final.jar;C:\Users\ee212577\.m2\repository\io\netty\netty-codec-socks\4.1.104.Final\netty-codec-socks-4.1.104.Final.jar;C:\Users\ee212577\.m2\repository\org\springframework\spring-web\6.1.2\spring-web-6.1.2.jar;C:\Users\ee212577\.m2\repository\org\springframework\spring-beans\6.1.2\spring-beans-6.1.2.jar;C:\Users\ee212577\.m2\repository\org\springframework\spring-webflux\6.1.2\spring-webflux-6.1.2.jar;C:\Users\ee212577\.m2\repository\org\springframework\boot\spring-boot-starter-actuator\3.2.1\spring-boot-starter-actuator-3.2.1.jar;C:\Users\ee212577\.m2\repository\org\springframework\boot\spring-boot-actuator-autoconfigure\3.2.1\spring-boot-actuator-autoconfigure-3.2.1.jar;C:\Users\ee212577\.m2\repository\org\springframework\boot\spring-boot-actuator\3.2.1\spring-boot-actuator-3.2.1.jar;C:\Users\ee212577\.m2\repository\com\fasterxml\jackson\core\jackson-databind\2.15.3\jackson-databind-2.15.3.jar;C:\Users\ee212577\.m2\repository\com\fasterxml\jackson\datatype\jackson-datatype-jsr310\2.15.3\jackson-datatype-jsr310-2.15.3.jar;C:\Users\ee212577\.m2\repository\io\micrometer\micrometer-observation\1.12.1\micrometer-observation-1.12.1.jar;C:\Users\ee212577\.m2\repository\io\micrometer\micrometer-commons\1.12.1\micrometer-commons-1.12.1.jar;C:\Users\ee212577\.m2\repository\io\micrometer\micrometer-jakarta9\1.12.1\micrometer-jakarta9-1.12.1.jar;C:\Users\ee212577\.m2\repository\io\micrometer\micrometer-core\1.12.1\micrometer-core-1.12.1.jar;C:\Users\ee212577\.m2\repository\org\hdrhistogram\HdrHistogram\2.1.12\HdrHistogram-2.1.12.jar;C:\Users\ee212577\.m2\repository\org\latencyutils\LatencyUtils\2.0.3\LatencyUtils-2.0.3.jar;C:\Users\ee212577\.m2\repository\org\springframework\boot\spring-boot-starter-test\3.2.1\spring-boot-starter-test-3.2.1.jar;C:\Users\ee212577\.m2\repository\org\springframework\boot\spring-boot-test\3.2.1\spring-boot-test-3.2.1.jar;C:\Users\ee212577\.m2\repository\org\springframework\boot\spring-boot-test-autoconfigure\3.2.1\spring-boot-test-autoconfigure-3.2.1.jar;C:\Users\ee212577\.m2\repository\com\jayway\jsonpath\json-path\2.8.0\json-path-2.8.0.jar;C:\Users\ee212577\.m2\repository\org\slf4j\slf4j-api\2.0.9\slf4j-api-2.0.9.jar;C:\Users\ee212577\.m2\repository\jakarta\xml\bind\jakarta.xml.bind-api\4.0.1\jakarta.xml.bind-api-4.0.1.jar;C:\Users\ee212577\.m2\repository\jakarta\activation\jakarta.activation-api\2.1.2\jakarta.activation-api-2.1.2.jar;C:\Users\ee212577\.m2\repository\net\minidev\json-smart\2.5.0\json-smart-2.5.0.jar;C:\Users\ee212577\.m2\repository\net\minidev\accessors-smart\2.5.0\accessors-smart-2.5.0.jar;C:\Users\ee212577\.m2\repository\org\ow2\asm\asm\9.3\asm-9.3.jar;C:\Users\ee212577\.m2\repository\org\assertj\assertj-core\3.24.2\assertj-core-3.24.2.jar;C:\Users\ee212577\.m2\repository\net\bytebuddy\byte-buddy\1.14.10\byte-buddy-1.14.10.jar;C:\Users\ee212577\.m2\repository\org\awaitility\awaitility\4.2.0\awaitility-4.2.0.jar;C:\Users\ee212577\.m2\repository\org\hamcrest\hamcrest\2.2\hamcrest-2.2.jar;C:\Users\ee212577\.m2\repository\org\junit\jupiter\junit-jupiter\5.10.1\junit-jupiter-5.10.1.jar;C:\Users\ee212577\.m2\repository\org\junit\jupiter\junit-jupiter-api\5.10.1\junit-jupiter-api-5.10.1.jar;C:\Users\ee212577\.m2\repository\org\opentest4j\opentest4j\1.3.0\opentest4j-1.3.0.jar;C:\Users\ee212577\.m2\repository\org\junit\platform\junit-platform-commons\1.10.1\junit-platform-commons-1.10.1.jar;C:\Users\ee212577\.m2\repository\org\apiguardian\apiguardian-api\1.1.2\apiguardian-api-1.1.2.jar;C:\Users\ee212577\.m2\repository\org\junit\jupiter\junit-jupiter-params\5.10.1\junit-jupiter-params-5.10.1.jar;C:\Users\ee212577\.m2\repository\org\junit\jupiter\junit-jupiter-engine\5.10.1\junit-jupiter-engine-5.10.1.jar;C:\Users\ee212577\.m2\repository\org\junit\platform\junit-platform-engine\1.10.1\junit-platform-engine-1.10.1.jar;C:\Users\ee212577\.m2\repository\org\mockito\mockito-core\5.7.0\mockito-core-5.7.0.jar;C:\Users\ee212577\.m2\repository\net\bytebuddy\byte-buddy-agent\1.14.10\byte-buddy-agent-1.14.10.jar;C:\Users\ee212577\.m2\repository\org\objenesis\objenesis\3.3\objenesis-3.3.jar;C:\Users\ee212577\.m2\repository\org\mockito\mockito-junit-jupiter\5.7.0\mockito-junit-jupiter-5.7.0.jar;C:\Users\ee212577\.m2\repository\org\skyscreamer\jsonassert\1.5.1\jsonassert-1.5.1.jar;C:\Users\ee212577\.m2\repository\com\vaadin\external\google\android-json\0.0.20131108.vaadin1\android-json-0.0.20131108.vaadin1.jar;C:\Users\ee212577\.m2\repository\org\springframework\spring-core\6.1.2\spring-core-6.1.2.jar;C:\Users\ee212577\.m2\repository\org\springframework\spring-jcl\6.1.2\spring-jcl-6.1.2.jar;C:\Users\ee212577\.m2\repository\org\springframework\spring-test\6.1.2\spring-test-6.1.2.jar;C:\Users\ee212577\.m2\repository\org\xmlunit\xmlunit-core\2.9.1\xmlunit-core-2.9.1.jar;C:\Users\ee212577\.m2\repository\org\springframework\cloud\spring-cloud-netflix-eureka-client\4.1.0\spring-cloud-netflix-eureka-client-4.1.0.jar;C:\Users\ee212577\.m2\repository\com\netflix\eureka\eureka-client\2.0.1\eureka-client-2.0.1.jar;C:\Users\ee212577\.m2\repository\com\netflix\netflix-commons\netflix-eventbus\0.3.0\netflix-eventbus-0.3.0.jar;C:\Users\ee212577\.m2\repository\com\netflix\netflix-commons\netflix-infix\0.3.0\netflix-infix-0.3.0.jar;C:\Users\ee212577\.m2\repository\commons-jxpath\commons-jxpath\1.3\commons-jxpath-1.3.jar;C:\Users\ee212577\.m2\repository\joda-time\joda-time\2.3\joda-time-2.3.jar;C:\Users\ee212577\.m2\repository\org\antlr\antlr-runtime\3.4\antlr-runtime-3.4.jar;C:\Users\ee212577\.m2\repository\org\antlr\stringtemplate\3.2.1\stringtemplate-3.2.1.jar;C:\Users\ee212577\.m2\repository\antlr\antlr\2.7.7\antlr-2.7.7.jar;C:\Users\ee212577\.m2\repository\com\google\code\gson\gson\2.10.1\gson-2.10.1.jar;C:\Users\ee212577\.m2\repository\org\apache\commons\commons-math\2.2\commons-math-2.2.jar;C:\Users\ee212577\.m2\repository\com\thoughtworks\xstream\xstream\1.4.19\xstream-1.4.19.jar;C:\Users\ee212577\.m2\repository\io\github\x-stream\mxparser\1.2.2\mxparser-1.2.2.jar;C:\Users\ee212577\.m2\repository\xmlpull\xmlpull\1.1.3.1\xmlpull-1.1.3.1.jar;C:\Users\ee212577\.m2\repository\jakarta\ws\rs\jakarta.ws.rs-api\3.1.0\jakarta.ws.rs-api-3.1.0.jar;C:\Users\ee212577\.m2\repository\jakarta\inject\jakarta.inject-api\2.0.1\jakarta.inject-api-2.0.1.jar;C:\Users\ee212577\.m2\repository\com\netflix\servo\servo-core\0.12.21\servo-core-0.12.21.jar;C:\Users\ee212577\.m2\repository\com\google\guava\guava\19.0\guava-19.0.jar;C:\Users\ee212577\.m2\repository\org\apache\httpcomponents\httpclient\4.5.3\httpclient-4.5.3.jar;C:\Users\ee212577\.m2\repository\org\apache\httpcomponents\httpcore\4.4.16\httpcore-4.4.16.jar;C:\Users\ee212577\.m2\repository\commons-codec\commons-codec\1.16.0\commons-codec-1.16.0.jar;C:\Users\ee212577\.m2\repository\commons-configuration\commons-configuration\1.10\commons-configuration-1.10.jar;C:\Users\ee212577\.m2\repository\commons-lang\commons-lang\2.6\commons-lang-2.6.jar;C:\Users\ee212577\.m2\repository\com\fasterxml\jackson\core\jackson-annotations\2.15.3\jackson-annotations-2.15.3.jar;C:\Users\ee212577\.m2\repository\com\fasterxml\jackson\core\jackson-core\2.15.3\jackson-core-2.15.3.jar;C:\Users\ee212577\.m2\repository\org\codehaus\jettison\jettison\1.4.0\jettison-1.4.0.jar;C:\Users\ee212577\.m2\repository\org\apache\httpcomponents\client5\httpclient5\5.2.3\httpclient5-5.2.3.jar;C:\Users\ee212577\.m2\repository\org\apache\httpcomponents\core5\httpcore5\5.2.4\httpcore5-5.2.4.jar;C:\Users\ee212577\.m2\repository\org\apache\httpcomponents\core5\httpcore5-h2\5.2.4\httpcore5-h2-5.2.4.jar;"/>
    <property name="java.vm.vendor" value="Eclipse Adoptium"/>
    <property name="sun.arch.data.model" value="64"/>
    <property name="user.variant" value=""/>
    <property name="java.vendor.url" value="https://adoptium.net/"/>
    <property name="user.timezone" value="Asia/Calcutta"/>
    <property name="org.jboss.logging.provider" value="slf4j"/>
    <property name="os.name" value="Windows 11"/>
    <property name="java.vm.specification.version" value="17"/>
    <property name="sun.java.launcher" value="SUN_STANDARD"/>
    <property name="user.country" value="US"/>
    <property name="sun.boot.library.path" value="C:\Program Files\Eclipse Adoptium\jdk-17.0.9.9-hotspot\bin"/>
    <property name="sun.java.command" value="C:\Users\ee212577\AppData\Local\Temp\surefire5723813168675484560\surefirebooter-20240111153938579_3.jar C:\Users\ee212577\AppData\Local\Temp\surefire5723813168675484560 2024-01-11T15-39-38_308-jvmRun1 surefire-20240111153938579_1tmp surefire_0-20240111153938579_2tmp"/>
    <property name="jdk.debug" value="release"/>
    <property name="surefire.test.class.path" value="C:\Users\ee212577\Desktop\New folder\connectedCarAPIGateway\connectedCarAPIGateway\target\test-classes;C:\Users\ee212577\Desktop\New folder\connectedCarAPIGateway\connectedCarAPIGateway\target\classes;C:\Users\ee212577\.m2\repository\org\springframework\cloud\spring-cloud-starter\4.1.0\spring-cloud-starter-4.1.0.jar;C:\Users\ee212577\.m2\repository\org\springframework\boot\spring-boot-starter\3.2.1\spring-boot-starter-3.2.1.jar;C:\Users\ee212577\.m2\repository\org\springframework\boot\spring-boot\3.2.1\spring-boot-3.2.1.jar;C:\Users\ee212577\.m2\repository\org\springframework\spring-context\6.1.2\spring-context-6.1.2.jar;C:\Users\ee212577\.m2\repository\org\springframework\spring-aop\6.1.2\spring-aop-6.1.2.jar;C:\Users\ee212577\.m2\repository\org\springframework\spring-expression\6.1.2\spring-expression-6.1.2.jar;C:\Users\ee212577\.m2\repository\org\springframework\boot\spring-boot-autoconfigure\3.2.1\spring-boot-autoconfigure-3.2.1.jar;C:\Users\ee212577\.m2\repository\org\springframework\boot\spring-boot-starter-logging\3.2.1\spring-boot-starter-logging-3.2.1.jar;C:\Users\ee212577\.m2\repository\ch\qos\logback\logback-classic\1.4.14\logback-classic-1.4.14.jar;C:\Users\ee212577\.m2\repository\ch\qos\logback\logback-core\1.4.14\logback-core-1.4.14.jar;C:\Users\ee212577\.m2\repository\org\apache\logging\log4j\log4j-to-slf4j\2.21.1\log4j-to-slf4j-2.21.1.jar;C:\Users\ee212577\.m2\repository\org\apache\logging\log4j\log4j-api\2.21.1\log4j-api-2.21.1.jar;C:\Users\ee212577\.m2\repository\org\slf4j\jul-to-slf4j\2.0.9\jul-to-slf4j-2.0.9.jar;C:\Users\ee212577\.m2\repository\jakarta\annotation\jakarta.annotation-api\2.1.1\jakarta.annotation-api-2.1.1.jar;C:\Users\ee212577\.m2\repository\org\yaml\snakeyaml\2.2\snakeyaml-2.2.jar;C:\Users\ee212577\.m2\repository\org\springframework\cloud\spring-cloud-context\4.1.0\spring-cloud-context-4.1.0.jar;C:\Users\ee212577\.m2\repository\org\springframework\security\spring-security-crypto\6.2.1\spring-security-crypto-6.2.1.jar;C:\Users\ee212577\.m2\repository\org\springframework\cloud\spring-cloud-commons\4.1.0\spring-cloud-commons-4.1.0.jar;C:\Users\ee212577\.m2\repository\org\springframework\security\spring-security-rsa\1.1.1\spring-security-rsa-1.1.1.jar;C:\Users\ee212577\.m2\repository\org\bouncycastle\bcprov-jdk18on\1.74\bcprov-jdk18on-1.74.jar;C:\Users\ee212577\.m2\repository\org\springframework\cloud\spring-cloud-starter-gateway\4.1.0\spring-cloud-starter-gateway-4.1.0.jar;C:\Users\ee212577\.m2\repository\org\springframework\cloud\spring-cloud-gateway-server\4.1.0\spring-cloud-gateway-server-4.1.0.jar;C:\Users\ee212577\.m2\repository\org\springframework\boot\spring-boot-starter-validation\3.2.1\spring-boot-starter-validation-3.2.1.jar;C:\Users\ee212577\.m2\repository\org\apache\tomcat\embed\tomcat-embed-el\10.1.17\tomcat-embed-el-10.1.17.jar;C:\Users\ee212577\.m2\repository\org\hibernate\validator\hibernate-validator\8.0.1.Final\hibernate-validator-8.0.1.Final.jar;C:\Users\ee212577\.m2\repository\jakarta\validation\jakarta.validation-api\3.0.2\jakarta.validation-api-3.0.2.jar;C:\Users\ee212577\.m2\repository\org\jboss\logging\jboss-logging\3.5.3.Final\jboss-logging-3.5.3.Final.jar;C:\Users\ee212577\.m2\repository\com\fasterxml\classmate\1.6.0\classmate-1.6.0.jar;C:\Users\ee212577\.m2\repository\io\projectreactor\addons\reactor-extra\3.5.1\reactor-extra-3.5.1.jar;C:\Users\ee212577\.m2\repository\io\projectreactor\reactor-core\3.6.1\reactor-core-3.6.1.jar;C:\Users\ee212577\.m2\repository\org\reactivestreams\reactive-streams\1.0.4\reactive-streams-1.0.4.jar;C:\Users\ee212577\.m2\repository\org\springframework\boot\spring-boot-starter-webflux\3.2.1\spring-boot-starter-webflux-3.2.1.jar;C:\Users\ee212577\.m2\repository\org\springframework\boot\spring-boot-starter-json\3.2.1\spring-boot-starter-json-3.2.1.jar;C:\Users\ee212577\.m2\repository\com\fasterxml\jackson\datatype\jackson-datatype-jdk8\2.15.3\jackson-datatype-jdk8-2.15.3.jar;C:\Users\ee212577\.m2\repository\com\fasterxml\jackson\module\jackson-module-parameter-names\2.15.3\jackson-module-parameter-names-2.15.3.jar;C:\Users\ee212577\.m2\repository\org\springframework\boot\spring-boot-starter-reactor-netty\3.2.1\spring-boot-starter-reactor-netty-3.2.1.jar;C:\Users\ee212577\.m2\repository\io\projectreactor\netty\reactor-netty-http\1.1.14\reactor-netty-http-1.1.14.jar;C:\Users\ee212577\.m2\repository\io\netty\netty-codec-http\4.1.104.Final\netty-codec-http-4.1.104.Final.jar;C:\Users\ee212577\.m2\repository\io\netty\netty-common\4.1.104.Final\netty-common-4.1.104.Final.jar;C:\Users\ee212577\.m2\repository\io\netty\netty-buffer\4.1.104.Final\netty-buffer-4.1.104.Final.jar;C:\Users\ee212577\.m2\repository\io\netty\netty-transport\4.1.104.Final\netty-transport-4.1.104.Final.jar;C:\Users\ee212577\.m2\repository\io\netty\netty-codec\4.1.104.Final\netty-codec-4.1.104.Final.jar;C:\Users\ee212577\.m2\repository\io\netty\netty-handler\4.1.104.Final\netty-handler-4.1.104.Final.jar;C:\Users\ee212577\.m2\repository\io\netty\netty-codec-http2\4.1.104.Final\netty-codec-http2-4.1.104.Final.jar;C:\Users\ee212577\.m2\repository\io\netty\netty-resolver-dns\4.1.104.Final\netty-resolver-dns-4.1.104.Final.jar;C:\Users\ee212577\.m2\repository\io\netty\netty-resolver\4.1.104.Final\netty-resolver-4.1.104.Final.jar;C:\Users\ee212577\.m2\repository\io\netty\netty-codec-dns\4.1.104.Final\netty-codec-dns-4.1.104.Final.jar;C:\Users\ee212577\.m2\repository\io\netty\netty-resolver-dns-native-macos\4.1.104.Final\netty-resolver-dns-native-macos-4.1.104.Final-osx-x86_64.jar;C:\Users\ee212577\.m2\repository\io\netty\netty-resolver-dns-classes-macos\4.1.104.Final\netty-resolver-dns-classes-macos-4.1.104.Final.jar;C:\Users\ee212577\.m2\repository\io\netty\netty-transport-native-epoll\4.1.104.Final\netty-transport-native-epoll-4.1.104.Final-linux-x86_64.jar;C:\Users\ee212577\.m2\repository\io\netty\netty-transport-native-unix-common\4.1.104.Final\netty-transport-native-unix-common-4.1.104.Final.jar;C:\Users\ee212577\.m2\repository\io\netty\netty-transport-classes-epoll\4.1.104.Final\netty-transport-classes-epoll-4.1.104.Final.jar;C:\Users\ee212577\.m2\repository\io\projectreactor\netty\reactor-netty-core\1.1.14\reactor-netty-core-1.1.14.jar;C:\Users\ee212577\.m2\repository\io\netty\netty-handler-proxy\4.1.104.Final\netty-handler-proxy-4.1.104.Final.jar;C:\Users\ee212577\.m2\repository\io\netty\netty-codec-socks\4.1.104.Final\netty-codec-socks-4.1.104.Final.jar;C:\Users\ee212577\.m2\repository\org\springframework\spring-web\6.1.2\spring-web-6.1.2.jar;C:\Users\ee212577\.m2\repository\org\springframework\spring-beans\6.1.2\spring-beans-6.1.2.jar;C:\Users\ee212577\.m2\repository\org\springframework\spring-webflux\6.1.2\spring-webflux-6.1.2.jar;C:\Users\ee212577\.m2\repository\org\springframework\boot\spring-boot-starter-actuator\3.2.1\spring-boot-starter-actuator-3.2.1.jar;C:\Users\ee212577\.m2\repository\org\springframework\boot\spring-boot-actuator-autoconfigure\3.2.1\spring-boot-actuator-autoconfigure-3.2.1.jar;C:\Users\ee212577\.m2\repository\org\springframework\boot\spring-boot-actuator\3.2.1\spring-boot-actuator-3.2.1.jar;C:\Users\ee212577\.m2\repository\com\fasterxml\jackson\core\jackson-databind\2.15.3\jackson-databind-2.15.3.jar;C:\Users\ee212577\.m2\repository\com\fasterxml\jackson\datatype\jackson-datatype-jsr310\2.15.3\jackson-datatype-jsr310-2.15.3.jar;C:\Users\ee212577\.m2\repository\io\micrometer\micrometer-observation\1.12.1\micrometer-observation-1.12.1.jar;C:\Users\ee212577\.m2\repository\io\micrometer\micrometer-commons\1.12.1\micrometer-commons-1.12.1.jar;C:\Users\ee212577\.m2\repository\io\micrometer\micrometer-jakarta9\1.12.1\micrometer-jakarta9-1.12.1.jar;C:\Users\ee212577\.m2\repository\io\micrometer\micrometer-core\1.12.1\micrometer-core-1.12.1.jar;C:\Users\ee212577\.m2\repository\org\hdrhistogram\HdrHistogram\2.1.12\HdrHistogram-2.1.12.jar;C:\Users\ee212577\.m2\repository\org\latencyutils\LatencyUtils\2.0.3\LatencyUtils-2.0.3.jar;C:\Users\ee212577\.m2\repository\org\springframework\boot\spring-boot-starter-test\3.2.1\spring-boot-starter-test-3.2.1.jar;C:\Users\ee212577\.m2\repository\org\springframework\boot\spring-boot-test\3.2.1\spring-boot-test-3.2.1.jar;C:\Users\ee212577\.m2\repository\org\springframework\boot\spring-boot-test-autoconfigure\3.2.1\spring-boot-test-autoconfigure-3.2.1.jar;C:\Users\ee212577\.m2\repository\com\jayway\jsonpath\json-path\2.8.0\json-path-2.8.0.jar;C:\Users\ee212577\.m2\repository\org\slf4j\slf4j-api\2.0.9\slf4j-api-2.0.9.jar;C:\Users\ee212577\.m2\repository\jakarta\xml\bind\jakarta.xml.bind-api\4.0.1\jakarta.xml.bind-api-4.0.1.jar;C:\Users\ee212577\.m2\repository\jakarta\activation\jakarta.activation-api\2.1.2\jakarta.activation-api-2.1.2.jar;C:\Users\ee212577\.m2\repository\net\minidev\json-smart\2.5.0\json-smart-2.5.0.jar;C:\Users\ee212577\.m2\repository\net\minidev\accessors-smart\2.5.0\accessors-smart-2.5.0.jar;C:\Users\ee212577\.m2\repository\org\ow2\asm\asm\9.3\asm-9.3.jar;C:\Users\ee212577\.m2\repository\org\assertj\assertj-core\3.24.2\assertj-core-3.24.2.jar;C:\Users\ee212577\.m2\repository\net\bytebuddy\byte-buddy\1.14.10\byte-buddy-1.14.10.jar;C:\Users\ee212577\.m2\repository\org\awaitility\awaitility\4.2.0\awaitility-4.2.0.jar;C:\Users\ee212577\.m2\repository\org\hamcrest\hamcrest\2.2\hamcrest-2.2.jar;C:\Users\ee212577\.m2\repository\org\junit\jupiter\junit-jupiter\5.10.1\junit-jupiter-5.10.1.jar;C:\Users\ee212577\.m2\repository\org\junit\jupiter\junit-jupiter-api\5.10.1\junit-jupiter-api-5.10.1.jar;C:\Users\ee212577\.m2\repository\org\opentest4j\opentest4j\1.3.0\opentest4j-1.3.0.jar;C:\Users\ee212577\.m2\repository\org\junit\platform\junit-platform-commons\1.10.1\junit-platform-commons-1.10.1.jar;C:\Users\ee212577\.m2\repository\org\apiguardian\apiguardian-api\1.1.2\apiguardian-api-1.1.2.jar;C:\Users\ee212577\.m2\repository\org\junit\jupiter\junit-jupiter-params\5.10.1\junit-jupiter-params-5.10.1.jar;C:\Users\ee212577\.m2\repository\org\junit\jupiter\junit-jupiter-engine\5.10.1\junit-jupiter-engine-5.10.1.jar;C:\Users\ee212577\.m2\repository\org\junit\platform\junit-platform-engine\1.10.1\junit-platform-engine-1.10.1.jar;C:\Users\ee212577\.m2\repository\org\mockito\mockito-core\5.7.0\mockito-core-5.7.0.jar;C:\Users\ee212577\.m2\repository\net\bytebuddy\byte-buddy-agent\1.14.10\byte-buddy-agent-1.14.10.jar;C:\Users\ee212577\.m2\repository\org\objenesis\objenesis\3.3\objenesis-3.3.jar;C:\Users\ee212577\.m2\repository\org\mockito\mockito-junit-jupiter\5.7.0\mockito-junit-jupiter-5.7.0.jar;C:\Users\ee212577\.m2\repository\org\skyscreamer\jsonassert\1.5.1\jsonassert-1.5.1.jar;C:\Users\ee212577\.m2\repository\com\vaadin\external\google\android-json\0.0.20131108.vaadin1\android-json-0.0.20131108.vaadin1.jar;C:\Users\ee212577\.m2\repository\org\springframework\spring-core\6.1.2\spring-core-6.1.2.jar;C:\Users\ee212577\.m2\repository\org\springframework\spring-jcl\6.1.2\spring-jcl-6.1.2.jar;C:\Users\ee212577\.m2\repository\org\springframework\spring-test\6.1.2\spring-test-6.1.2.jar;C:\Users\ee212577\.m2\repository\org\xmlunit\xmlunit-core\2.9.1\xmlunit-core-2.9.1.jar;C:\Users\ee212577\.m2\repository\org\springframework\cloud\spring-cloud-netflix-eureka-client\4.1.0\spring-cloud-netflix-eureka-client-4.1.0.jar;C:\Users\ee212577\.m2\repository\com\netflix\eureka\eureka-client\2.0.1\eureka-client-2.0.1.jar;C:\Users\ee212577\.m2\repository\com\netflix\netflix-commons\netflix-eventbus\0.3.0\netflix-eventbus-0.3.0.jar;C:\Users\ee212577\.m2\repository\com\netflix\netflix-commons\netflix-infix\0.3.0\netflix-infix-0.3.0.jar;C:\Users\ee212577\.m2\repository\commons-jxpath\commons-jxpath\1.3\commons-jxpath-1.3.jar;C:\Users\ee212577\.m2\repository\joda-time\joda-time\2.3\joda-time-2.3.jar;C:\Users\ee212577\.m2\repository\org\antlr\antlr-runtime\3.4\antlr-runtime-3.4.jar;C:\Users\ee212577\.m2\repository\org\antlr\stringtemplate\3.2.1\stringtemplate-3.2.1.jar;C:\Users\ee212577\.m2\repository\antlr\antlr\2.7.7\antlr-2.7.7.jar;C:\Users\ee212577\.m2\repository\com\google\code\gson\gson\2.10.1\gson-2.10.1.jar;C:\Users\ee212577\.m2\repository\org\apache\commons\commons-math\2.2\commons-math-2.2.jar;C:\Users\ee212577\.m2\repository\com\thoughtworks\xstream\xstream\1.4.19\xstream-1.4.19.jar;C:\Users\ee212577\.m2\repository\io\github\x-stream\mxparser\1.2.2\mxparser-1.2.2.jar;C:\Users\ee212577\.m2\repository\xmlpull\xmlpull\1.1.3.1\xmlpull-1.1.3.1.jar;C:\Users\ee212577\.m2\repository\jakarta\ws\rs\jakarta.ws.rs-api\3.1.0\jakarta.ws.rs-api-3.1.0.jar;C:\Users\ee212577\.m2\repository\jakarta\inject\jakarta.inject-api\2.0.1\jakarta.inject-api-2.0.1.jar;C:\Users\ee212577\.m2\repository\com\netflix\servo\servo-core\0.12.21\servo-core-0.12.21.jar;C:\Users\ee212577\.m2\repository\com\google\guava\guava\19.0\guava-19.0.jar;C:\Users\ee212577\.m2\repository\org\apache\httpcomponents\httpclient\4.5.3\httpclient-4.5.3.jar;C:\Users\ee212577\.m2\repository\org\apache\httpcomponents\httpcore\4.4.16\httpcore-4.4.16.jar;C:\Users\ee212577\.m2\repository\commons-codec\commons-codec\1.16.0\commons-codec-1.16.0.jar;C:\Users\ee212577\.m2\repository\commons-configuration\commons-configuration\1.10\commons-configuration-1.10.jar;C:\Users\ee212577\.m2\repository\commons-lang\commons-lang\2.6\commons-lang-2.6.jar;C:\Users\ee212577\.m2\repository\com\fasterxml\jackson\core\jackson-annotations\2.15.3\jackson-annotations-2.15.3.jar;C:\Users\ee212577\.m2\repository\com\fasterxml\jackson\core\jackson-core\2.15.3\jackson-core-2.15.3.jar;C:\Users\ee212577\.m2\repository\org\codehaus\jettison\jettison\1.4.0\jettison-1.4.0.jar;C:\Users\ee212577\.m2\repository\org\apache\httpcomponents\client5\httpclient5\5.2.3\httpclient5-5.2.3.jar;C:\Users\ee212577\.m2\repository\org\apache\httpcomponents\core5\httpcore5\5.2.4\httpcore5-5.2.4.jar;C:\Users\ee212577\.m2\repository\org\apache\httpcomponents\core5\httpcore5-h2\5.2.4\httpcore5-h2-5.2.4.jar;"/>
    <property name="sun.cpu.endian" value="little"/>
    <property name="user.home" value="C:\Users\ee212577"/>
    <property name="user.language" value="en"/>
    <property name="java.specification.vendor" value="Oracle Corporation"/>
    <property name="java.version.date" value="2023-10-17"/>
    <property name="java.home" value="C:\Program Files\Eclipse Adoptium\jdk-17.0.9.9-hotspot"/>
    <property name="file.separator" value="\"/>
    <property name="basedir" value="C:\Users\ee212577\Desktop\New folder\connectedCarAPIGateway\connectedCarAPIGateway"/>
    <property name="java.vm.compressedOopsMode" value="Zero based"/>
    <property name="line.separator" value="&#10;"/>
    <property name="java.vm.specification.vendor" value="Oracle Corporation"/>
    <property name="java.specification.name" value="Java Platform API Specification"/>
    <property name="FILE_LOG_CHARSET" value="windows-1252"/>
    <property name="java.awt.headless" value="true"/>
    <property name="surefire.real.class.path" value="C:\Users\ee212577\AppData\Local\Temp\surefire5723813168675484560\surefirebooter-20240111153938579_3.jar"/>
    <property name="user.script" value=""/>
    <property name="sun.management.compiler" value="HotSpot 64-Bit Tiered Compilers"/>
    <property name="java.runtime.version" value="17.0.9+9"/>
    <property name="user.name" value="EE212577"/>
    <property name="path.separator" value=";"/>
    <property name="os.version" value="10.0"/>
    <property name="java.runtime.name" value="OpenJDK Runtime Environment"/>
    <property name="file.encoding" value="Cp1252"/>
    <property name="java.vm.name" value="OpenJDK 64-Bit Server VM"/>
    <property name="java.vendor.version" value="Temurin-17.0.9+9"/>
    <property name="localRepository" value="C:\Users\ee212577\.m2\repository"/>
    <property name="java.vendor.url.bug" value="https://github.com/adoptium/adoptium-support/issues"/>
    <property name="java.io.tmpdir" value="C:\Users\ee212577\AppData\Local\Temp\"/>
    <property name="java.version" value="17.0.9"/>
    <property name="user.dir" value="C:\Users\ee212577\Desktop\New folder\connectedCarAPIGateway\connectedCarAPIGateway"/>
    <property name="os.arch" value="amd64"/>
    <property name="java.vm.specification.name" value="Java Virtual Machine Specification"/>
    <property name="PID" value="2568"/>
    <property name="sun.os.patch.level" value=""/>
    <property name="CONSOLE_LOG_CHARSET" value="windows-1252"/>
    <property name="native.encoding" value="Cp1252"/>
    <property name="java.library.path" value="C:\Program Files\Eclipse Adoptium\jdk-17.0.9.9-hotspot\bin;C:\WINDOWS\Sun\Java\bin;C:\WINDOWS\system32;C:\WINDOWS;C:\Program Files\Eclipse Adoptium\jdk-17.0.9.9-hotspot\bin;C:\Program Files\Common Files\Oracle\Java\javapath;C:\Program Files\Eclipse Adoptium\jre-17.0.8.7-hotspot\bin;C:\WINDOWS\system32;C:\WINDOWS;C:\WINDOWS\System32\Wbem;C:\WINDOWS\System32\WindowsPowerShell\v1.0\;C:\WINDOWS\System32\OpenSSH\;C:\Program Files (x86)\NTP\bin;C:\Program Files\PuTTY\;C:\Program Files (x86)\Eclipse Adoptium\jdk-8.0.362.9-hotspot\jre;C:\apache-tomcat-10.1.5\bin;C:\Program Files\Eclipse Adoptium\jdk-17.0.9.9-hotspot\\bin;C:\apache-tomcat-10.1.5\bin;C:\Program Files\Microsoft VS Code\bin;C:\Program Files\Java\jdk-17\bin;C:\Users\ee212577\.m2\wrapper\dists\apache-maven-3.9.5-bin\2adeog8mj13csp1uusqnc1f2mo\apache-maven-3.9.5\bin;C:\Program Files\Git\cmd;C:\Program Files\nodejs\;C:\Program Files\MongoDB\Server\6.0\bin;C:\Users\ee212577\AppData\Local\Microsoft\WindowsApps;;C:\Program Files\JetBrains\IntelliJ IDEA Community Edition 2023.2\bin;;C:\Users\ee212577\AppData\Local\Programs\Microsoft VS Code\bin;C:\Users\ee212577\AppData\Roaming\npm;."/>
    <property name="java.vm.info" value="mixed mode, sharing"/>
    <property name="java.vendor" value="Eclipse Adoptium"/>
    <property name="java.vm.version" value="17.0.9+9"/>
    <property name="sun.io.unicode.encoding" value="UnicodeLittle"/>
    <property name="java.class.version" value="61.0"/>
    <property name="LOGGED_APPLICATION_NAME" value="[api-gateway] "/>
  </properties>
  <testcase name="contextLoads" classname="com.example.connectedCarAPIGateway.ConnectedCarApiGatewayApplicationTests" time="1.05">
    <system-out><![CDATA[15:39:39.821 [main] INFO org.springframework.test.context.support.AnnotationConfigContextLoaderUtils -- Could not detect default configuration classes for test class [com.example.connectedCarAPIGateway.ConnectedCarApiGatewayApplicationTests]: ConnectedCarApiGatewayApplicationTests does not declare any static, non-private, non-final, nested classes annotated with @Configuration.
15:39:39.932 [main] INFO org.springframework.boot.test.context.SpringBootTestContextBootstrapper -- Found @SpringBootConfiguration com.example.connectedCarAPIGateway.ConnectedCarApiGatewayApplication for test class com.example.connectedCarAPIGateway.ConnectedCarApiGatewayApplicationTests

  .   ____          _            __ _ _
 /\\ / ___'_ __ _ _(_)_ __  __ _ \ \ \ \
( ( )\___ | '_ | '_| | '_ \/ _` | \ \ \ \
 \\/  ___)| |_)| | | | | || (_| |  ) ) ) )
  '  |____| .__|_| |_|_| |_\__, | / / / /
 =========|_|==============|___/=/_/_/_/
 :: Spring Boot ::                (v3.2.1)

2024-01-11T15:39:40.598+05:30  INFO 2568 --- [api-gateway] [           main] c.ConnectedCarApiGatewayApplicationTests : Starting ConnectedCarApiGatewayApplicationTests using Java 17.0.9 with PID 2568 (started by EE212577 in C:\Users\ee212577\Desktop\New folder\connectedCarAPIGateway\connectedCarAPIGateway)
2024-01-11T15:39:40.601+05:30  INFO 2568 --- [api-gateway] [           main] c.ConnectedCarApiGatewayApplicationTests : No active profile set, falling back to 1 default profile: "default"
2024-01-11T15:39:41.913+05:30  INFO 2568 --- [api-gateway] [           main] o.s.cloud.context.scope.GenericScope     : BeanFactory id=a9fdfc08-0149-3fea-8aab-d83ed6fecfcd
2024-01-11T15:39:43.470+05:30  INFO 2568 --- [api-gateway] [           main] o.s.c.g.r.RouteDefinitionRouteLocator    : Loaded RoutePredicateFactory [After]
2024-01-11T15:39:43.470+05:30  INFO 2568 --- [api-gateway] [           main] o.s.c.g.r.RouteDefinitionRouteLocator    : Loaded RoutePredicateFactory [Before]
2024-01-11T15:39:43.470+05:30  INFO 2568 --- [api-gateway] [           main] o.s.c.g.r.RouteDefinitionRouteLocator    : Loaded RoutePredicateFactory [Between]
2024-01-11T15:39:43.470+05:30  INFO 2568 --- [api-gateway] [           main] o.s.c.g.r.RouteDefinitionRouteLocator    : Loaded RoutePredicateFactory [Cookie]
2024-01-11T15:39:43.471+05:30  INFO 2568 --- [api-gateway] [           main] o.s.c.g.r.RouteDefinitionRouteLocator    : Loaded RoutePredicateFactory [Header]
2024-01-11T15:39:43.471+05:30  INFO 2568 --- [api-gateway] [           main] o.s.c.g.r.RouteDefinitionRouteLocator    : Loaded RoutePredicateFactory [Host]
2024-01-11T15:39:43.471+05:30  INFO 2568 --- [api-gateway] [           main] o.s.c.g.r.RouteDefinitionRouteLocator    : Loaded RoutePredicateFactory [Method]
2024-01-11T15:39:43.471+05:30  INFO 2568 --- [api-gateway] [           main] o.s.c.g.r.RouteDefinitionRouteLocator    : Loaded RoutePredicateFactory [Path]
2024-01-11T15:39:43.471+05:30  INFO 2568 --- [api-gateway] [           main] o.s.c.g.r.RouteDefinitionRouteLocator    : Loaded RoutePredicateFactory [Query]
2024-01-11T15:39:43.471+05:30  INFO 2568 --- [api-gateway] [           main] o.s.c.g.r.RouteDefinitionRouteLocator    : Loaded RoutePredicateFactory [ReadBody]
2024-01-11T15:39:43.471+05:30  INFO 2568 --- [api-gateway] [           main] o.s.c.g.r.RouteDefinitionRouteLocator    : Loaded RoutePredicateFactory [RemoteAddr]
2024-01-11T15:39:43.471+05:30  INFO 2568 --- [api-gateway] [           main] o.s.c.g.r.RouteDefinitionRouteLocator    : Loaded RoutePredicateFactory [XForwardedRemoteAddr]
2024-01-11T15:39:43.471+05:30  INFO 2568 --- [api-gateway] [           main] o.s.c.g.r.RouteDefinitionRouteLocator    : Loaded RoutePredicateFactory [Weight]
2024-01-11T15:39:43.471+05:30  INFO 2568 --- [api-gateway] [           main] o.s.c.g.r.RouteDefinitionRouteLocator    : Loaded RoutePredicateFactory [CloudFoundryRouteService]
2024-01-11T15:39:44.031+05:30  INFO 2568 --- [api-gateway] [           main] o.s.b.a.e.web.EndpointLinksResolver      : Exposing 17 endpoint(s) beneath base path '/actuator'
2024-01-11T15:39:44.285+05:30  INFO 2568 --- [api-gateway] [           main] DiscoveryClientOptionalArgsConfiguration : Eureka HTTP Client uses RestTemplate.
2024-01-11T15:39:44.362+05:30  INFO 2568 --- [api-gateway] [           main] o.s.c.n.eureka.InstanceInfoFactory       : Setting initial instance status as: STARTING
2024-01-11T15:39:44.483+05:30  INFO 2568 --- [api-gateway] [           main] com.netflix.discovery.DiscoveryClient    : Initializing Eureka in region us-east-1
2024-01-11T15:39:44.492+05:30  INFO 2568 --- [api-gateway] [           main] c.n.d.s.r.aws.ConfigClusterResolver      : Resolving eureka endpoints via configuration
2024-01-11T15:39:44.515+05:30  INFO 2568 --- [api-gateway] [           main] com.netflix.discovery.DiscoveryClient    : Disable delta property : false
2024-01-11T15:39:44.515+05:30  INFO 2568 --- [api-gateway] [           main] com.netflix.discovery.DiscoveryClient    : Single vip registry refresh property : null
2024-01-11T15:39:44.516+05:30  INFO 2568 --- [api-gateway] [           main] com.netflix.discovery.DiscoveryClient    : Force full registry fetch : false
2024-01-11T15:39:44.516+05:30  INFO 2568 --- [api-gateway] [           main] com.netflix.discovery.DiscoveryClient    : Application is null : false
2024-01-11T15:39:44.516+05:30  INFO 2568 --- [api-gateway] [           main] com.netflix.discovery.DiscoveryClient    : Registered Applications size is zero : true
2024-01-11T15:39:44.516+05:30  INFO 2568 --- [api-gateway] [           main] com.netflix.discovery.DiscoveryClient    : Application version is -1: true
2024-01-11T15:39:44.516+05:30  INFO 2568 --- [api-gateway] [           main] com.netflix.discovery.DiscoveryClient    : Getting all instance registry info from the eureka server
2024-01-11T15:39:44.950+05:30  INFO 2568 --- [api-gateway] [           main] com.netflix.discovery.DiscoveryClient    : The response status is 200
2024-01-11T15:39:44.963+05:30  INFO 2568 --- [api-gateway] [           main] com.netflix.discovery.DiscoveryClient    : Starting heartbeat executor: renew interval is: 30
2024-01-11T15:39:44.966+05:30  INFO 2568 --- [api-gateway] [           main] c.n.discovery.InstanceInfoReplicator     : InstanceInfoReplicator onDemand update allowed rate per min is 4
2024-01-11T15:39:44.977+05:30  INFO 2568 --- [api-gateway] [           main] com.netflix.discovery.DiscoveryClient    : Discovery Client initialized at timestamp 1704967784975 with initial instances count: 1
2024-01-11T15:39:44.980+05:30  INFO 2568 --- [api-gateway] [           main] o.s.c.n.e.s.EurekaServiceRegistry        : Registering application API-GATEWAY with eureka with status UP
2024-01-11T15:39:44.980+05:30  INFO 2568 --- [api-gateway] [           main] com.netflix.discovery.DiscoveryClient    : Saw local status change event StatusChangeEvent [timestamp=1704967784980, current=UP, previous=STARTING]
2024-01-11T15:39:44.982+05:30  INFO 2568 --- [api-gateway] [nfoReplicator-0] com.netflix.discovery.DiscoveryClient    : DiscoveryClient_API-GATEWAY/lpz-ee212577.sasken.com:api-gateway:8765: registering service...
2024-01-11T15:39:45.037+05:30  INFO 2568 --- [api-gateway] [nfoReplicator-0] com.netflix.discovery.DiscoveryClient    : DiscoveryClient_API-GATEWAY/lpz-ee212577.sasken.com:api-gateway:8765 - registration status: 204
2024-01-11T15:39:45.121+05:30  INFO 2568 --- [api-gateway] [           main] c.ConnectedCarApiGatewayApplicationTests : Started ConnectedCarApiGatewayApplicationTests in 5.031 seconds (process running for 6.298)
]]></system-out>
  </testcase>
</testsuite>